{"name": "test_login", "status": "broken", "statusDetails": {"message": "selenium.common.exceptions.TimeoutException: Message:", "trace": "self = <script.test_login.TestLogin object at 0x0000000003B7F5C0>\n\n    def test_login(self):\n        self.page.img.click_img()\n        self.page.home.click_me()\n>       self.page.registe.click_login()\n\nscript\\test_login.py:14: \n_ _ _ _ _ _ _ _ _ _ _ _ _ _ _ _ _ _ _ _ _ _ _ _ _ _ _ _ _ _ _ _ _ _ _ _ _ _ _ _ _ _ _ _ _ _ _ _ _ _ _ _ _ _ _ _ _ _ _ _ _ _ _ _ _ _ _ _ _ _ _ _ _ _ _ _ _ _ _ _ _ \npage\\register_page.py:7: in click_login\n    self.click(self.login_button)\nbase\\base_action.py:22: in click\n    self.find_element(feature).click()\nbase\\base_action.py:13: in find_element\n    return WebDriverWait(self.driver, timeout, poll).until(lambda x: x.find_element(by, value))\n_ _ _ _ _ _ _ _ _ _ _ _ _ _ _ _ _ _ _ _ _ _ _ _ _ _ _ _ _ _ _ _ _ _ _ _ _ _ _ _ _ _ _ _ _ _ _ _ _ _ _ _ _ _ _ _ _ _ _ _ _ _ _ _ _ _ _ _ _ _ _ _ _ _ _ _ _ _ _ _ _ \n\nself = <selenium.webdriver.support.wait.WebDriverWait (session=\"a6c739e2-ab66-4727-a4aa-c4f1e5246c48\")>\nmethod = <function BaseAction.find_element.<locals>.<lambda> at 0x000000000480B1E0>, message = ''\n\n    def until(self, method, message=''):\n        \"\"\"Calls the method provided with the driver as an argument until the \\\n        return value is not False.\"\"\"\n        screen = None\n        stacktrace = None\n    \n        end_time = time.time() + self._timeout\n        while True:\n            try:\n                value = method(self._driver)\n                if value:\n                    return value\n            except self._ignored_exceptions as exc:\n                screen = getattr(exc, 'screen', None)\n                stacktrace = getattr(exc, 'stacktrace', None)\n            time.sleep(self._poll)\n            if time.time() > end_time:\n                break\n>       raise TimeoutException(message, screen, stacktrace)\nE       selenium.common.exceptions.TimeoutException: Message:\n\nc:\\users\\administrator\\appdata\\local\\programs\\python\\python37\\lib\\site-packages\\selenium\\webdriver\\support\\wait.py:80: TimeoutException"}, "start": 1604568215733, "stop": 1604568230975, "uuid": "b4bfa5c6-35e1-45ce-9253-62b0e331f3d5", "historyId": "743f52ced38539d4aaa4ed82731b4a01", "testCaseId": "8ad68e8a4db9ffcb1fb6753c2b046731", "fullName": "script.test_login.TestLogin#test_login", "labels": [{"name": "parentSuite", "value": "script"}, {"name": "suite", "value": "test_login"}, {"name": "subSuite", "value": "TestLogin"}, {"name": "host", "value": "SKY-20171211NJY"}, {"name": "thread", "value": "6660-MainThread"}, {"name": "framework", "value": "pytest"}, {"name": "language", "value": "cpython3"}, {"name": "package", "value": "script.test_login"}]}